<?xml version="1.0" encoding="UTF-8"?>
<!-- Generated by org.testng.reporters.JUnitReportReporter -->
<testsuite hostname="Umesh-PC" name="uiAutomation.TC01_Verify_Assign_Leave_Page" tests="1" failures="0" timestamp="25 Sep 2017 15:12:55 GMT" time="0.820" errors="0">
  <testcase name="TC01_Verify_Assign_Leave_Page_Method" time="0.820" classname="uiAutomation.TC01_Verify_Assign_Leave_Page"/>
</testsuite> <!-- uiAutomation.TC01_Verify_Assign_Leave_Page -->
