<?xml version="1.0" encoding="UTF-8"?>
<!-- Generated by org.testng.reporters.JUnitReportReporter -->
<testsuite hostname="Umesh-PC" name="uiAutomation.TC01_Verify_Assign_Leave_Page" tests="1" failures="0" timestamp="24 Sep 2017 12:01:44 GMT" time="1.018" errors="0">
  <testcase name="TC01_Verify_Assign_Leave_Page_Method" time="1.018" classname="uiAutomation.TC01_Verify_Assign_Leave_Page"/>
</testsuite> <!-- uiAutomation.TC01_Verify_Assign_Leave_Page -->
