<?xml version="1.0" encoding="UTF-8"?>
<!-- Generated by org.testng.reporters.JUnitReportReporter -->
<testsuite hostname="Umesh-PC" name="uiAutomation.TC02_Another_Test" tests="1" failures="0" timestamp="25 Sep 2017 15:12:55 GMT" time="0.465" errors="0">
  <testcase name="TC02_Another_Test_Method" time="0.465" classname="uiAutomation.TC02_Another_Test"/>
</testsuite> <!-- uiAutomation.TC02_Another_Test -->
