<?xml version="1.0" encoding="UTF-8"?>
<!-- Generated by org.testng.reporters.JUnitReportReporter -->
<testsuite hostname="Umesh-PC" name="uiAutomation.TC02_Another_Test" tests="1" failures="0" timestamp="24 Sep 2017 12:01:44 GMT" time="0.536" errors="0">
  <testcase name="TC02_Another_Test_Method" time="0.536" classname="uiAutomation.TC02_Another_Test"/>
</testsuite> <!-- uiAutomation.TC02_Another_Test -->
